# Logfile created on 2013-08-11 10:40:56 +0200 by logger.rb/25413
REQUESTING PAGE: GET /signup with {} and HTTP headers {}
REQUESTING PAGE: GET /signup with {} and HTTP headers {}
REQUESTING PAGE: GET /signup with {} and HTTP headers {}
REQUESTING PAGE: GET /signup with {} and HTTP headers {}
REQUESTING PAGE: GET /signup with {} and HTTP headers {}
REQUESTING PAGE: GET /signup with {} and HTTP headers {}
REQUESTING PAGE: GET /signup with {} and HTTP headers {}
REQUESTING PAGE: GET /signup with {} and HTTP headers {}
REQUESTING PAGE: GET /signup with {} and HTTP headers {}
REQUESTING PAGE: POST /clients with {"utf8"=>"✓", "client"=>{"nom"=>"", "prenom"=>"", "entreprise"=>"", "telephone"=>"", "email"=>"", "password"=>"", "password_confirmation"=>""}, "commit"=>"Inscription"} and HTTP headers {"HTTP_REFERER"=>"/signup"}
REQUESTING PAGE: GET /signup with {} and HTTP headers {}
REQUESTING PAGE: POST /clients with {"utf8"=>"✓", "client"=>{"nom"=>"toto", "prenom"=>"tata", "entreprise"=>"test", "telephone"=>"1213232132", "email"=>"test@toto.de", "password"=>"foobar", "password_confirmation"=>"foobar"}, "commit"=>"Inscription"} and HTTP headers {"HTTP_REFERER"=>"/signup"}
REQUESTING PAGE: GET http://www.example.com/clients/25 with {} and HTTP headers {"HTTP_REFERER"=>"/clients"}
REQUESTING PAGE: GET /signup with {} and HTTP headers {}
REQUESTING PAGE: GET /signup with {} and HTTP headers {}
REQUESTING PAGE: GET /signup with {} and HTTP headers {}
REQUESTING PAGE: GET /signup with {} and HTTP headers {}
REQUESTING PAGE: GET /signup with {} and HTTP headers {}
REQUESTING PAGE: GET /signup with {} and HTTP headers {}
REQUESTING PAGE: GET /signup with {} and HTTP headers {}
REQUESTING PAGE: POST /clients with {"utf8"=>"✓", "client"=>{"nom"=>"", "prenom"=>"", "entreprise"=>"", "telephone"=>"", "email"=>"", "password"=>"", "password_confirmation"=>""}, "commit"=>"Inscription"} and HTTP headers {"HTTP_REFERER"=>"/signup"}
REQUESTING PAGE: GET /signup with {} and HTTP headers {}
REQUESTING PAGE: POST /clients with {"utf8"=>"✓", "client"=>{"nom"=>"toto", "prenom"=>"tata", "entreprise"=>"test", "telephone"=>"1213232132", "email"=>"test@toto.de", "password"=>"foobar", "password_confirmation"=>"foobar"}, "commit"=>"Inscription"} and HTTP headers {"HTTP_REFERER"=>"/signup"}
REQUESTING PAGE: GET http://www.example.com/clients/26 with {} and HTTP headers {"HTTP_REFERER"=>"/clients"}
REQUESTING PAGE: GET /signup with {} and HTTP headers {}
REQUESTING PAGE: POST /clients with {"utf8"=>"✓", "client"=>{"nom"=>"", "prenom"=>"", "entreprise"=>"", "telephone"=>"", "email"=>"", "password"=>"", "password_confirmation"=>""}, "commit"=>"Inscription"} and HTTP headers {"HTTP_REFERER"=>"/signup"}
REQUESTING PAGE: GET /signup with {} and HTTP headers {}
REQUESTING PAGE: POST /clients with {"utf8"=>"✓", "client"=>{"nom"=>"toto", "prenom"=>"tata", "entreprise"=>"test", "telephone"=>"1213232132", "email"=>"test@toto.de", "password"=>"foobar", "password_confirmation"=>"foobar"}, "commit"=>"Inscription"} and HTTP headers {"HTTP_REFERER"=>"/signup"}
REQUESTING PAGE: GET http://www.example.com/clients/27 with {} and HTTP headers {"HTTP_REFERER"=>"/clients"}
REQUESTING PAGE: GET /signup with {} and HTTP headers {}
REQUESTING PAGE: GET /signup with {} and HTTP headers {}
REQUESTING PAGE: GET /signup with {} and HTTP headers {}
REQUESTING PAGE: GET /signup with {} and HTTP headers {}
REQUESTING PAGE: GET /signup with {} and HTTP headers {}
REQUESTING PAGE: GET /signup with {} and HTTP headers {}
REQUESTING PAGE: GET /signup with {} and HTTP headers {}
REQUESTING PAGE: GET /signup with {} and HTTP headers {}
REQUESTING PAGE: GET /signup with {} and HTTP headers {}
REQUESTING PAGE: GET /signup with {} and HTTP headers {}
REQUESTING PAGE: GET /signup with {} and HTTP headers {}
REQUESTING PAGE: GET /signup with {} and HTTP headers {}
REQUESTING PAGE: GET /signup with {} and HTTP headers {}
REQUESTING PAGE: POST /clients with {"utf8"=>"✓", "client"=>{"nom"=>"", "prenom"=>"", "entreprise"=>"", "telephone"=>"", "email"=>"", "password"=>"", "password_confirmation"=>""}, "commit"=>"Inscription"} and HTTP headers {"HTTP_REFERER"=>"/signup"}
REQUESTING PAGE: GET /signup with {} and HTTP headers {}
REQUESTING PAGE: POST /clients with {"utf8"=>"✓", "client"=>{"nom"=>"toto", "prenom"=>"tata", "entreprise"=>"test", "telephone"=>"1213232132", "email"=>"test@toto.de", "password"=>"foobar", "password_confirmation"=>"foobar"}, "commit"=>"Inscription"} and HTTP headers {"HTTP_REFERER"=>"/signup"}
REQUESTING PAGE: GET http://www.example.com/clients/28 with {} and HTTP headers {"HTTP_REFERER"=>"/clients"}
REQUESTING PAGE: GET /signup with {} and HTTP headers {}
REQUESTING PAGE: GET /signup with {} and HTTP headers {}
REQUESTING PAGE: GET /signup with {} and HTTP headers {}
REQUESTING PAGE: GET /signup with {} and HTTP headers {}
REQUESTING PAGE: POST /clients with {"utf8"=>"✓", "client"=>{"nom"=>"toto", "prenom"=>"tata", "entreprise"=>"test", "telephone"=>"1213232132", "email"=>"test@toto.de", "password"=>"foobar", "password_confirmation"=>"foobar"}, "commit"=>"Inscription"} and HTTP headers {"HTTP_REFERER"=>"/signup"}
REQUESTING PAGE: GET http://www.example.com/clients/29 with {} and HTTP headers {"HTTP_REFERER"=>"/clients"}
REQUESTING PAGE: GET /signup with {} and HTTP headers {}
REQUESTING PAGE: POST /clients with {"utf8"=>"✓", "client"=>{"nom"=>"", "prenom"=>"", "entreprise"=>"", "telephone"=>"", "email"=>"", "password"=>"", "password_confirmation"=>""}, "commit"=>"Inscription"} and HTTP headers {"HTTP_REFERER"=>"/signup"}
REQUESTING PAGE: GET /signup with {} and HTTP headers {}
REQUESTING PAGE: POST /clients with {"utf8"=>"✓", "client"=>{"nom"=>"toto", "prenom"=>"tata", "entreprise"=>"test", "telephone"=>"1213232132", "email"=>"test@toto.de", "password"=>"foobar", "password_confirmation"=>"foobar"}, "commit"=>"Inscription"} and HTTP headers {"HTTP_REFERER"=>"/signup"}
REQUESTING PAGE: GET http://www.example.com/clients/30 with {} and HTTP headers {"HTTP_REFERER"=>"/clients"}
REQUESTING PAGE: GET /signup with {} and HTTP headers {}
REQUESTING PAGE: GET /signup with {} and HTTP headers {}
REQUESTING PAGE: GET /signin with {} and HTTP headers {}
REQUESTING PAGE: POST /sessions with {"utf8"=>"✓", "session"=>{"email"=>"", "password"=>""}, "commit"=>"S'identifier"} and HTTP headers {"HTTP_REFERER"=>"/signin"}
REQUESTING PAGE: GET /signin with {} and HTTP headers {}
REQUESTING PAGE: POST /sessions with {"utf8"=>"✓", "session"=>{"email"=>"tanguy@example.de", "password"=>"foobar"}, "commit"=>"S'identifier"} and HTTP headers {"HTTP_REFERER"=>"/signin"}
REQUESTING PAGE: GET http://www.example.com/clients/31 with {} and HTTP headers {"HTTP_REFERER"=>"/sessions"}
REQUESTING PAGE: GET /signup with {} and HTTP headers {}
REQUESTING PAGE: GET /signup with {} and HTTP headers {}
REQUESTING PAGE: GET /signin with {} and HTTP headers {}
REQUESTING PAGE: POST /sessions with {"utf8"=>"✓", "session"=>{"email"=>"", "password"=>""}, "commit"=>"S'identifier"} and HTTP headers {"HTTP_REFERER"=>"/signin"}
REQUESTING PAGE: GET /signin with {} and HTTP headers {}
REQUESTING PAGE: POST /sessions with {"utf8"=>"✓", "session"=>{"email"=>"tanguy@example.de", "password"=>"foobar"}, "commit"=>"S'identifier"} and HTTP headers {"HTTP_REFERER"=>"/signin"}
REQUESTING PAGE: GET http://www.example.com/clients/32 with {} and HTTP headers {"HTTP_REFERER"=>"/sessions"}
REQUESTING PAGE: GET /signup with {} and HTTP headers {}
REQUESTING PAGE: GET /signup with {} and HTTP headers {}
REQUESTING PAGE: GET /signin with {} and HTTP headers {}
REQUESTING PAGE: POST /sessions with {"utf8"=>"✓", "session"=>{"email"=>"", "password"=>""}, "commit"=>"S'identifier"} and HTTP headers {"HTTP_REFERER"=>"/signin"}
REQUESTING PAGE: GET /signin with {} and HTTP headers {}
REQUESTING PAGE: POST /sessions with {"utf8"=>"✓", "session"=>{"email"=>"tanguy@example.de", "password"=>"foobar"}, "commit"=>"S'identifier"} and HTTP headers {"HTTP_REFERER"=>"/signin"}
REQUESTING PAGE: GET http://www.example.com/clients/33 with {} and HTTP headers {"HTTP_REFERER"=>"/sessions"}
REQUESTING PAGE: GET /signin with {} and HTTP headers {}
REQUESTING PAGE: GET / with {} and HTTP headers {}
REQUESTING PAGE: GET /signup with {} and HTTP headers {}
REQUESTING PAGE: GET /signup with {} and HTTP headers {}
REQUESTING PAGE: GET /signin with {} and HTTP headers {}
REQUESTING PAGE: POST /sessions with {"utf8"=>"✓", "session"=>{"email"=>"", "password"=>""}, "commit"=>"S'identifier"} and HTTP headers {"HTTP_REFERER"=>"/signin"}
REQUESTING PAGE: GET /signin with {} and HTTP headers {}
REQUESTING PAGE: POST /sessions with {"utf8"=>"✓", "session"=>{"email"=>"tanguy@example.de", "password"=>"foobar"}, "commit"=>"S'identifier"} and HTTP headers {"HTTP_REFERER"=>"/signin"}
REQUESTING PAGE: GET http://www.example.com/clients/23 with {} and HTTP headers {"HTTP_REFERER"=>"/sessions"}
REQUESTING PAGE: GET / with {} and HTTP headers {}
REQUESTING PAGE: GET /signup with {} and HTTP headers {}
REQUESTING PAGE: GET /signup with {} and HTTP headers {}
REQUESTING PAGE: GET /signin with {} and HTTP headers {}
REQUESTING PAGE: POST /sessions with {"utf8"=>"✓", "session"=>{"email"=>"", "password"=>""}, "commit"=>"S'identifier"} and HTTP headers {"HTTP_REFERER"=>"/signin"}
REQUESTING PAGE: GET /signin with {} and HTTP headers {}
REQUESTING PAGE: POST /sessions with {"utf8"=>"✓", "session"=>{"email"=>"tanguy@example.de", "password"=>"foobar"}, "commit"=>"S'identifier"} and HTTP headers {"HTTP_REFERER"=>"/signin"}
REQUESTING PAGE: GET http://www.example.com/clients/46 with {} and HTTP headers {"HTTP_REFERER"=>"/sessions"}
REQUESTING PAGE: GET / with {} and HTTP headers {}
REQUESTING PAGE: GET /signin with {} and HTTP headers {}
REQUESTING PAGE: POST /sessions with {"utf8"=>"✓", "session"=>{"email"=>"tanguy@example.de", "password"=>"foobar"}, "commit"=>"S'identifier"} and HTTP headers {"HTTP_REFERER"=>"/signin"}
REQUESTING PAGE: GET http://www.example.com/clients/47 with {} and HTTP headers {"HTTP_REFERER"=>"/sessions"}
REQUESTING PAGE: GET / with {} and HTTP headers {"HTTP_REFERER"=>"http://www.example.com/clients/47"}
REQUESTING PAGE: GET /signin with {} and HTTP headers {}
REQUESTING PAGE: POST /sessions with {"utf8"=>"✓", "session"=>{"email"=>"tanguy@example.de", "password"=>"foobar"}, "commit"=>"S'identifier"} and HTTP headers {"HTTP_REFERER"=>"/signin"}
REQUESTING PAGE: GET http://www.example.com/clients/48 with {} and HTTP headers {"HTTP_REFERER"=>"/sessions"}
REQUESTING PAGE: GET / with {} and HTTP headers {"HTTP_REFERER"=>"http://www.example.com/clients/48"}
REQUESTING PAGE: GET /signup with {} and HTTP headers {}
REQUESTING PAGE: GET /signup with {} and HTTP headers {}
REQUESTING PAGE: GET /signin with {} and HTTP headers {}
REQUESTING PAGE: POST /sessions with {"utf8"=>"✓", "session"=>{"email"=>"", "password"=>""}, "commit"=>"S'identifier"} and HTTP headers {"HTTP_REFERER"=>"/signin"}
REQUESTING PAGE: GET /signin with {} and HTTP headers {}
REQUESTING PAGE: POST /sessions with {"utf8"=>"✓", "session"=>{"email"=>"tanguy@example.de", "password"=>"foobar"}, "commit"=>"S'identifier"} and HTTP headers {"HTTP_REFERER"=>"/signin"}
REQUESTING PAGE: GET http://www.example.com/clients/71 with {} and HTTP headers {"HTTP_REFERER"=>"/sessions"}
REQUESTING PAGE: GET / with {} and HTTP headers {}
REQUESTING PAGE: GET /signin with {} and HTTP headers {}
REQUESTING PAGE: POST /sessions with {"utf8"=>"✓", "session"=>{"email"=>"tanguy@example.de", "password"=>"foobar"}, "commit"=>"S'identifier"} and HTTP headers {"HTTP_REFERER"=>"/signin"}
REQUESTING PAGE: GET http://www.example.com/clients/72 with {} and HTTP headers {"HTTP_REFERER"=>"/sessions"}
REQUESTING PAGE: GET / with {} and HTTP headers {"HTTP_REFERER"=>"http://www.example.com/clients/72"}
REQUESTING PAGE: GET /signin with {} and HTTP headers {}
REQUESTING PAGE: POST /sessions with {"utf8"=>"✓", "session"=>{"email"=>"tanguy@example.de", "password"=>"foobar"}, "commit"=>"S'identifier"} and HTTP headers {"HTTP_REFERER"=>"/signin"}
REQUESTING PAGE: GET http://www.example.com/clients/73 with {} and HTTP headers {"HTTP_REFERER"=>"/sessions"}
REQUESTING PAGE: GET / with {} and HTTP headers {"HTTP_REFERER"=>"http://www.example.com/clients/73"}
REQUESTING PAGE: GET /signup with {} and HTTP headers {}
REQUESTING PAGE: GET /signup with {} and HTTP headers {}
REQUESTING PAGE: GET /signin with {} and HTTP headers {}
REQUESTING PAGE: POST /sessions with {"utf8"=>"✓", "session"=>{"email"=>"", "password"=>""}, "commit"=>"S'identifier"} and HTTP headers {"HTTP_REFERER"=>"/signin"}
REQUESTING PAGE: GET /signin with {} and HTTP headers {}
REQUESTING PAGE: POST /sessions with {"utf8"=>"✓", "session"=>{"email"=>"tanguy@example.de", "password"=>"foobar"}, "commit"=>"S'identifier"} and HTTP headers {"HTTP_REFERER"=>"/signin"}
REQUESTING PAGE: GET http://www.example.com/clients/96 with {} and HTTP headers {"HTTP_REFERER"=>"/sessions"}
REQUESTING PAGE: GET / with {} and HTTP headers {}
REQUESTING PAGE: GET /signin with {} and HTTP headers {}
REQUESTING PAGE: POST /sessions with {"utf8"=>"✓", "session"=>{"email"=>"tanguy@example.de", "password"=>"foobar"}, "commit"=>"S'identifier"} and HTTP headers {"HTTP_REFERER"=>"/signin"}
REQUESTING PAGE: GET http://www.example.com/clients/97 with {} and HTTP headers {"HTTP_REFERER"=>"/sessions"}
REQUESTING PAGE: GET / with {} and HTTP headers {"HTTP_REFERER"=>"http://www.example.com/clients/97"}
REQUESTING PAGE: GET /signup with {} and HTTP headers {}
REQUESTING PAGE: GET /signup with {} and HTTP headers {}
REQUESTING PAGE: GET /signin with {} and HTTP headers {}
REQUESTING PAGE: POST /sessions with {"utf8"=>"✓", "session"=>{"email"=>"", "password"=>""}, "commit"=>"S'identifier"} and HTTP headers {"HTTP_REFERER"=>"/signin"}
REQUESTING PAGE: GET /signin with {} and HTTP headers {}
REQUESTING PAGE: POST /sessions with {"utf8"=>"✓", "session"=>{"email"=>"tanguy@example.de", "password"=>"foobar"}, "commit"=>"S'identifier"} and HTTP headers {"HTTP_REFERER"=>"/signin"}
REQUESTING PAGE: GET http://www.example.com/clients/120 with {} and HTTP headers {"HTTP_REFERER"=>"/sessions"}
REQUESTING PAGE: GET / with {} and HTTP headers {}
REQUESTING PAGE: GET /signin with {} and HTTP headers {}
REQUESTING PAGE: POST /sessions with {"utf8"=>"✓", "session"=>{"email"=>"tanguy@example.de", "password"=>"foobar"}, "commit"=>"S'identifier"} and HTTP headers {"HTTP_REFERER"=>"/signin"}
REQUESTING PAGE: GET http://www.example.com/clients/121 with {} and HTTP headers {"HTTP_REFERER"=>"/sessions"}
REQUESTING PAGE: GET / with {} and HTTP headers {"HTTP_REFERER"=>"http://www.example.com/clients/121"}
REQUESTING PAGE: GET /signup with {} and HTTP headers {}
REQUESTING PAGE: GET /signup with {} and HTTP headers {}
REQUESTING PAGE: GET /signin with {} and HTTP headers {}
REQUESTING PAGE: POST /sessions with {"utf8"=>"✓", "session"=>{"email"=>"", "password"=>""}, "commit"=>"S'identifier"} and HTTP headers {"HTTP_REFERER"=>"/signin"}
REQUESTING PAGE: GET /signin with {} and HTTP headers {}
REQUESTING PAGE: POST /sessions with {"utf8"=>"✓", "session"=>{"email"=>"tanguy@example.de", "password"=>"foobar"}, "commit"=>"S'identifier"} and HTTP headers {"HTTP_REFERER"=>"/signin"}
REQUESTING PAGE: GET http://www.example.com/clients/144 with {} and HTTP headers {"HTTP_REFERER"=>"/sessions"}
REQUESTING PAGE: GET / with {} and HTTP headers {}
REQUESTING PAGE: GET /signin with {} and HTTP headers {}
REQUESTING PAGE: POST /sessions with {"utf8"=>"✓", "session"=>{"email"=>"tanguy@example.de", "password"=>"foobar"}, "commit"=>"S'identifier"} and HTTP headers {"HTTP_REFERER"=>"/signin"}
REQUESTING PAGE: GET http://www.example.com/clients/145 with {} and HTTP headers {"HTTP_REFERER"=>"/sessions"}
REQUESTING PAGE: GET / with {} and HTTP headers {"HTTP_REFERER"=>"http://www.example.com/clients/145"}
REQUESTING PAGE: GET /signup with {} and HTTP headers {}
REQUESTING PAGE: GET /signup with {} and HTTP headers {}
REQUESTING PAGE: GET /signin with {} and HTTP headers {}
REQUESTING PAGE: POST /sessions with {"utf8"=>"✓", "session"=>{"email"=>"", "password"=>""}, "commit"=>"S'identifier"} and HTTP headers {"HTTP_REFERER"=>"/signin"}
REQUESTING PAGE: GET /signin with {} and HTTP headers {}
REQUESTING PAGE: POST /sessions with {"utf8"=>"✓", "session"=>{"email"=>"tanguy@example.de", "password"=>"foobar"}, "commit"=>"S'identifier"} and HTTP headers {"HTTP_REFERER"=>"/signin"}
REQUESTING PAGE: GET http://www.example.com/clients/168 with {} and HTTP headers {"HTTP_REFERER"=>"/sessions"}
REQUESTING PAGE: GET / with {} and HTTP headers {}
REQUESTING PAGE: GET /signin with {} and HTTP headers {}
REQUESTING PAGE: POST /sessions with {"utf8"=>"✓", "session"=>{"email"=>"tanguy@example.de", "password"=>"foobar"}, "commit"=>"S'identifier"} and HTTP headers {"HTTP_REFERER"=>"/signin"}
REQUESTING PAGE: GET http://www.example.com/clients/169 with {} and HTTP headers {"HTTP_REFERER"=>"/sessions"}
REQUESTING PAGE: GET / with {} and HTTP headers {"HTTP_REFERER"=>"http://www.example.com/clients/169"}
REQUESTING PAGE: GET /signup with {} and HTTP headers {}
REQUESTING PAGE: GET /signup with {} and HTTP headers {}
REQUESTING PAGE: GET /signin with {} and HTTP headers {}
REQUESTING PAGE: POST /sessions with {"utf8"=>"✓", "session"=>{"email"=>"", "password"=>""}, "commit"=>"S'identifier"} and HTTP headers {"HTTP_REFERER"=>"/signin"}
REQUESTING PAGE: GET /signin with {} and HTTP headers {}
REQUESTING PAGE: POST /sessions with {"utf8"=>"✓", "session"=>{"email"=>"tanguy@example.de", "password"=>"foobar"}, "commit"=>"S'identifier"} and HTTP headers {"HTTP_REFERER"=>"/signin"}
REQUESTING PAGE: GET http://www.example.com/clients/192 with {} and HTTP headers {"HTTP_REFERER"=>"/sessions"}
REQUESTING PAGE: GET / with {} and HTTP headers {}
REQUESTING PAGE: GET /signin with {} and HTTP headers {}
REQUESTING PAGE: POST /sessions with {"utf8"=>"✓", "session"=>{"email"=>"tanguy@example.de", "password"=>"foobar"}, "commit"=>"S'identifier"} and HTTP headers {"HTTP_REFERER"=>"/signin"}
REQUESTING PAGE: GET http://www.example.com/clients/193 with {} and HTTP headers {"HTTP_REFERER"=>"/sessions"}
REQUESTING PAGE: GET / with {} and HTTP headers {"HTTP_REFERER"=>"http://www.example.com/clients/193"}
REQUESTING PAGE: GET /signup with {} and HTTP headers {}
REQUESTING PAGE: GET /signup with {} and HTTP headers {}
REQUESTING PAGE: GET /signin with {} and HTTP headers {}
REQUESTING PAGE: POST /sessions with {"utf8"=>"✓", "session"=>{"email"=>"", "password"=>""}, "commit"=>"S'identifier"} and HTTP headers {"HTTP_REFERER"=>"/signin"}
REQUESTING PAGE: GET /signin with {} and HTTP headers {}
REQUESTING PAGE: POST /sessions with {"utf8"=>"✓", "session"=>{"email"=>"tanguy@example.de", "password"=>"foobar"}, "commit"=>"S'identifier"} and HTTP headers {"HTTP_REFERER"=>"/signin"}
REQUESTING PAGE: GET http://www.example.com/clients/216 with {} and HTTP headers {"HTTP_REFERER"=>"/sessions"}
REQUESTING PAGE: GET / with {} and HTTP headers {}
REQUESTING PAGE: GET /signin with {} and HTTP headers {}
REQUESTING PAGE: POST /sessions with {"utf8"=>"✓", "session"=>{"email"=>"tanguy@example.de", "password"=>"foobar"}, "commit"=>"S'identifier"} and HTTP headers {"HTTP_REFERER"=>"/signin"}
REQUESTING PAGE: GET http://www.example.com/clients/217 with {} and HTTP headers {"HTTP_REFERER"=>"/sessions"}
REQUESTING PAGE: GET / with {} and HTTP headers {"HTTP_REFERER"=>"http://www.example.com/clients/217"}
REQUESTING PAGE: GET /signup with {} and HTTP headers {}
REQUESTING PAGE: GET /signup with {} and HTTP headers {}
REQUESTING PAGE: GET /signin with {} and HTTP headers {}
REQUESTING PAGE: POST /sessions with {"utf8"=>"✓", "session"=>{"email"=>"", "password"=>""}, "commit"=>"S'identifier"} and HTTP headers {"HTTP_REFERER"=>"/signin"}
REQUESTING PAGE: GET /signin with {} and HTTP headers {}
REQUESTING PAGE: POST /sessions with {"utf8"=>"✓", "session"=>{"email"=>"tanguy@example.de", "password"=>"foobar"}, "commit"=>"S'identifier"} and HTTP headers {"HTTP_REFERER"=>"/signin"}
REQUESTING PAGE: GET http://www.example.com/clients/240 with {} and HTTP headers {"HTTP_REFERER"=>"/sessions"}
REQUESTING PAGE: GET / with {} and HTTP headers {}
REQUESTING PAGE: GET /signin with {} and HTTP headers {}
REQUESTING PAGE: POST /sessions with {"utf8"=>"✓", "session"=>{"email"=>"tanguy@example.de", "password"=>"foobar"}, "commit"=>"S'identifier"} and HTTP headers {"HTTP_REFERER"=>"/signin"}
REQUESTING PAGE: GET http://www.example.com/clients/241 with {} and HTTP headers {"HTTP_REFERER"=>"/sessions"}
REQUESTING PAGE: GET / with {} and HTTP headers {"HTTP_REFERER"=>"http://www.example.com/clients/241"}
REQUESTING PAGE: GET /signup with {} and HTTP headers {}
REQUESTING PAGE: GET /signup with {} and HTTP headers {}
REQUESTING PAGE: GET /signin with {} and HTTP headers {}
REQUESTING PAGE: POST /sessions with {"utf8"=>"✓", "session"=>{"email"=>"", "password"=>""}, "commit"=>"S'identifier"} and HTTP headers {"HTTP_REFERER"=>"/signin"}
REQUESTING PAGE: GET /signin with {} and HTTP headers {}
REQUESTING PAGE: POST /sessions with {"utf8"=>"✓", "session"=>{"email"=>"tanguy@example.de", "password"=>"foobar"}, "commit"=>"S'identifier"} and HTTP headers {"HTTP_REFERER"=>"/signin"}
REQUESTING PAGE: GET http://www.example.com/clients/264 with {} and HTTP headers {"HTTP_REFERER"=>"/sessions"}
REQUESTING PAGE: GET / with {} and HTTP headers {}
REQUESTING PAGE: GET /signin with {} and HTTP headers {}
REQUESTING PAGE: POST /sessions with {"utf8"=>"✓", "session"=>{"email"=>"tanguy@example.de", "password"=>"foobar"}, "commit"=>"S'identifier"} and HTTP headers {"HTTP_REFERER"=>"/signin"}
REQUESTING PAGE: GET http://www.example.com/clients/265 with {} and HTTP headers {"HTTP_REFERER"=>"/sessions"}
REQUESTING PAGE: GET / with {} and HTTP headers {"HTTP_REFERER"=>"http://www.example.com/clients/265"}
REQUESTING PAGE: GET /signin with {} and HTTP headers {}
REQUESTING PAGE: GET / with {} and HTTP headers {}
REQUESTING PAGE: GET / with {} and HTTP headers {}
REQUESTING PAGE: GET /signin with {} and HTTP headers {}
REQUESTING PAGE: POST /sessions with {"utf8"=>"✓", "session"=>{"email"=>"tanguy@example.de", "password"=>"foobar"}, "commit"=>"S'identifier"} and HTTP headers {"HTTP_REFERER"=>"/signin"}
REQUESTING PAGE: GET http://www.example.com/clients/1 with {} and HTTP headers {"HTTP_REFERER"=>"/sessions"}
REQUESTING PAGE: GET / with {} and HTTP headers {"HTTP_REFERER"=>"http://www.example.com/clients/1"}
REQUESTING PAGE: GET / with {} and HTTP headers {}
REQUESTING PAGE: GET /signin with {} and HTTP headers {}
REQUESTING PAGE: POST /sessions with {"utf8"=>"✓", "session"=>{"email"=>"tanguy@example.de", "password"=>"foobar"}, "commit"=>"S'identifier"} and HTTP headers {"HTTP_REFERER"=>"/signin"}
REQUESTING PAGE: GET http://www.example.com/clients/2 with {} and HTTP headers {"HTTP_REFERER"=>"/sessions"}
REQUESTING PAGE: GET / with {} and HTTP headers {"HTTP_REFERER"=>"http://www.example.com/clients/2"}
REQUESTING PAGE: GET / with {} and HTTP headers {}
REQUESTING PAGE: GET /signin with {} and HTTP headers {}
REQUESTING PAGE: POST /sessions with {"utf8"=>"✓", "session"=>{"email"=>"tanguy@example.de", "password"=>"foobar"}, "commit"=>"S'identifier"} and HTTP headers {"HTTP_REFERER"=>"/signin"}
REQUESTING PAGE: GET http://www.example.com/clients/3 with {} and HTTP headers {"HTTP_REFERER"=>"/sessions"}
REQUESTING PAGE: GET / with {} and HTTP headers {"HTTP_REFERER"=>"http://www.example.com/clients/3"}
REQUESTING PAGE: GET / with {} and HTTP headers {}
REQUESTING PAGE: GET /signin with {} and HTTP headers {}
REQUESTING PAGE: POST /sessions with {"utf8"=>"✓", "session"=>{"email"=>"tanguy@example.de", "password"=>"foobar"}, "commit"=>"S'identifier"} and HTTP headers {"HTTP_REFERER"=>"/signin"}
REQUESTING PAGE: GET http://www.example.com/clients/4 with {} and HTTP headers {"HTTP_REFERER"=>"/sessions"}
REQUESTING PAGE: GET / with {} and HTTP headers {"HTTP_REFERER"=>"http://www.example.com/clients/4"}
REQUESTING PAGE: GET / with {} and HTTP headers {}
REQUESTING PAGE: GET /signin with {} and HTTP headers {}
REQUESTING PAGE: POST /sessions with {"utf8"=>"✓", "session"=>{"email"=>"tanguy@example.de", "password"=>"foobar"}, "commit"=>"S'identifier"} and HTTP headers {"HTTP_REFERER"=>"/signin"}
REQUESTING PAGE: GET http://www.example.com/clients/5 with {} and HTTP headers {"HTTP_REFERER"=>"/sessions"}
REQUESTING PAGE: GET / with {} and HTTP headers {"HTTP_REFERER"=>"http://www.example.com/clients/5"}
REQUESTING PAGE: GET / with {} and HTTP headers {}
REQUESTING PAGE: GET /signin with {} and HTTP headers {}
REQUESTING PAGE: POST /sessions with {"utf8"=>"✓", "session"=>{"email"=>"tanguy@example.de", "password"=>"foobar"}, "commit"=>"S'identifier"} and HTTP headers {"HTTP_REFERER"=>"/signin"}
REQUESTING PAGE: GET http://www.example.com/clients/6 with {} and HTTP headers {"HTTP_REFERER"=>"/sessions"}
REQUESTING PAGE: GET / with {} and HTTP headers {"HTTP_REFERER"=>"http://www.example.com/clients/6"}
REQUESTING PAGE: GET / with {} and HTTP headers {}
REQUESTING PAGE: GET /signin with {} and HTTP headers {}
REQUESTING PAGE: POST /sessions with {"utf8"=>"✓", "session"=>{"email"=>"tanguy@example.de", "password"=>"foobar"}, "commit"=>"S'identifier"} and HTTP headers {"HTTP_REFERER"=>"/signin"}
REQUESTING PAGE: GET http://www.example.com/clients/7 with {} and HTTP headers {"HTTP_REFERER"=>"/sessions"}
REQUESTING PAGE: GET / with {} and HTTP headers {"HTTP_REFERER"=>"http://www.example.com/clients/7"}
REQUESTING PAGE: GET / with {} and HTTP headers {}
REQUESTING PAGE: GET /signin with {} and HTTP headers {}
REQUESTING PAGE: POST /sessions with {"utf8"=>"✓", "session"=>{"email"=>"tanguy@example.de", "password"=>"foobar"}, "commit"=>"S'identifier"} and HTTP headers {"HTTP_REFERER"=>"/signin"}
REQUESTING PAGE: GET http://www.example.com/clients/8 with {} and HTTP headers {"HTTP_REFERER"=>"/sessions"}
REQUESTING PAGE: GET / with {} and HTTP headers {"HTTP_REFERER"=>"http://www.example.com/clients/8"}
REQUESTING PAGE: GET / with {} and HTTP headers {}
REQUESTING PAGE: GET /signin with {} and HTTP headers {}
REQUESTING PAGE: POST /sessions with {"utf8"=>"✓", "session"=>{"email"=>"tanguy@example.de", "password"=>"foobar"}, "commit"=>"S'identifier"} and HTTP headers {"HTTP_REFERER"=>"/signin"}
REQUESTING PAGE: GET http://www.example.com/clients/9 with {} and HTTP headers {"HTTP_REFERER"=>"/sessions"}
REQUESTING PAGE: GET / with {} and HTTP headers {"HTTP_REFERER"=>"http://www.example.com/clients/9"}
REQUESTING PAGE: GET / with {} and HTTP headers {}
REQUESTING PAGE: GET /signin with {} and HTTP headers {}
REQUESTING PAGE: POST /sessions with {"utf8"=>"✓", "session"=>{"email"=>"tanguy@example.de", "password"=>"foobar"}, "commit"=>"S'identifier"} and HTTP headers {"HTTP_REFERER"=>"/signin"}
REQUESTING PAGE: GET http://www.example.com/clients/10 with {} and HTTP headers {"HTTP_REFERER"=>"/sessions"}
REQUESTING PAGE: GET / with {} and HTTP headers {"HTTP_REFERER"=>"http://www.example.com/clients/10"}
REQUESTING PAGE: GET /signup with {} and HTTP headers {}
REQUESTING PAGE: GET /signup with {} and HTTP headers {}
REQUESTING PAGE: GET /signin with {} and HTTP headers {}
REQUESTING PAGE: POST /sessions with {"utf8"=>"✓", "session"=>{"email"=>"", "password"=>""}, "commit"=>"S'identifier"} and HTTP headers {"HTTP_REFERER"=>"/signin"}
REQUESTING PAGE: GET /signin with {} and HTTP headers {}
REQUESTING PAGE: POST /sessions with {"utf8"=>"✓", "session"=>{"email"=>"tanguy@example.de", "password"=>"foobar"}, "commit"=>"S'identifier"} and HTTP headers {"HTTP_REFERER"=>"/signin"}
REQUESTING PAGE: GET http://www.example.com/clients/33 with {} and HTTP headers {"HTTP_REFERER"=>"/sessions"}
REQUESTING PAGE: GET /signup with {} and HTTP headers {}
REQUESTING PAGE: GET /signup with {} and HTTP headers {}
REQUESTING PAGE: GET /signin with {} and HTTP headers {}
REQUESTING PAGE: POST /sessions with {"utf8"=>"✓", "session"=>{"email"=>"", "password"=>""}, "commit"=>"S'identifier"} and HTTP headers {"HTTP_REFERER"=>"/signin"}
REQUESTING PAGE: GET /signin with {} and HTTP headers {}
REQUESTING PAGE: POST /sessions with {"utf8"=>"✓", "session"=>{"email"=>"tanguy@example.de", "password"=>"foobar"}, "commit"=>"S'identifier"} and HTTP headers {"HTTP_REFERER"=>"/signin"}
REQUESTING PAGE: GET http://www.example.com/clients/23 with {} and HTTP headers {"HTTP_REFERER"=>"/sessions"}
REQUESTING PAGE: GET /signup with {} and HTTP headers {}
REQUESTING PAGE: GET /signup with {} and HTTP headers {}
REQUESTING PAGE: GET /signin with {} and HTTP headers {}
REQUESTING PAGE: POST /sessions with {"utf8"=>"✓", "session"=>{"email"=>"", "password"=>""}, "commit"=>"S'identifier"} and HTTP headers {"HTTP_REFERER"=>"/signin"}
REQUESTING PAGE: GET /signin with {} and HTTP headers {}
REQUESTING PAGE: POST /sessions with {"utf8"=>"✓", "session"=>{"email"=>"tanguy@example.de", "password"=>"foobar"}, "commit"=>"S'identifier"} and HTTP headers {"HTTP_REFERER"=>"/signin"}
REQUESTING PAGE: GET http://www.example.com/clients/24 with {} and HTTP headers {"HTTP_REFERER"=>"/sessions"}
REQUESTING PAGE: GET /signup with {} and HTTP headers {}
REQUESTING PAGE: GET /signup with {} and HTTP headers {}
REQUESTING PAGE: GET /signin with {} and HTTP headers {}
REQUESTING PAGE: POST /sessions with {"utf8"=>"✓", "session"=>{"email"=>"", "password"=>""}, "commit"=>"S'identifier"} and HTTP headers {"HTTP_REFERER"=>"/signin"}
REQUESTING PAGE: GET /signin with {} and HTTP headers {}
REQUESTING PAGE: POST /sessions with {"utf8"=>"✓", "session"=>{"email"=>"tanguy@example.de", "password"=>"foobar"}, "commit"=>"S'identifier"} and HTTP headers {"HTTP_REFERER"=>"/signin"}
REQUESTING PAGE: GET http://www.example.com/clients/25 with {} and HTTP headers {"HTTP_REFERER"=>"/sessions"}
REQUESTING PAGE: GET /signup with {} and HTTP headers {}
REQUESTING PAGE: POST /clients with {"utf8"=>"✓", "client"=>{"nom"=>"", "prenom"=>"", "entreprise"=>"", "telephone"=>"", "email"=>"", "password"=>"", "password_confirmation"=>""}, "commit"=>"Inscription"} and HTTP headers {"HTTP_REFERER"=>"/signup"}
REQUESTING PAGE: GET /signup with {} and HTTP headers {}
REQUESTING PAGE: POST /clients with {"utf8"=>"✓", "client"=>{"nom"=>"toto", "prenom"=>"tata", "entreprise"=>"test", "telephone"=>"1213232132", "email"=>"test@toto.de", "password"=>"foobar", "password_confirmation"=>"foobar"}, "commit"=>"Inscription"} and HTTP headers {"HTTP_REFERER"=>"/signup"}
REQUESTING PAGE: GET http://www.example.com/clients/26 with {} and HTTP headers {"HTTP_REFERER"=>"/clients"}
REQUESTING PAGE: GET /signin with {} and HTTP headers {}
REQUESTING PAGE: POST /sessions with {"utf8"=>"✓", "session"=>{"email"=>"", "password"=>""}, "commit"=>"S'identifier"} and HTTP headers {"HTTP_REFERER"=>"/signin"}
REQUESTING PAGE: GET /signin with {} and HTTP headers {}
REQUESTING PAGE: POST /sessions with {"utf8"=>"✓", "session"=>{"email"=>"tanguy@example.de", "password"=>"foobar"}, "commit"=>"S'identifier"} and HTTP headers {"HTTP_REFERER"=>"/signin"}
REQUESTING PAGE: GET http://www.example.com/clients/27 with {} and HTTP headers {"HTTP_REFERER"=>"/sessions"}
REQUESTING PAGE: GET /signup with {} and HTTP headers {}
REQUESTING PAGE: POST /clients with {"utf8"=>"✓", "client"=>{"nom"=>"", "prenom"=>"", "entreprise"=>"", "telephone"=>"", "email"=>"", "password"=>"", "password_confirmation"=>""}, "commit"=>"Inscription"} and HTTP headers {"HTTP_REFERER"=>"/signup"}
REQUESTING PAGE: GET /signup with {} and HTTP headers {}
REQUESTING PAGE: POST /clients with {"utf8"=>"✓", "client"=>{"nom"=>"toto", "prenom"=>"tata", "entreprise"=>"test", "telephone"=>"1213232132", "email"=>"test@toto.de", "password"=>"foobar", "password_confirmation"=>"foobar"}, "commit"=>"Inscription"} and HTTP headers {"HTTP_REFERER"=>"/signup"}
REQUESTING PAGE: GET http://www.example.com/clients/28 with {} and HTTP headers {"HTTP_REFERER"=>"/clients"}
REQUESTING PAGE: GET /signin with {} and HTTP headers {}
REQUESTING PAGE: POST /sessions with {"utf8"=>"✓", "session"=>{"email"=>"", "password"=>""}, "commit"=>"S'identifier"} and HTTP headers {"HTTP_REFERER"=>"/signin"}
REQUESTING PAGE: GET /signin with {} and HTTP headers {}
REQUESTING PAGE: POST /sessions with {"utf8"=>"✓", "session"=>{"email"=>"tanguy@example.de", "password"=>"foobar"}, "commit"=>"S'identifier"} and HTTP headers {"HTTP_REFERER"=>"/signin"}
REQUESTING PAGE: GET http://www.example.com/clients/29 with {} and HTTP headers {"HTTP_REFERER"=>"/sessions"}
REQUESTING PAGE: GET /signup with {} and HTTP headers {}
REQUESTING PAGE: POST /clients with {"utf8"=>"✓", "client"=>{"nom"=>"", "prenom"=>"", "entreprise"=>"", "telephone"=>"", "email"=>"", "password"=>"", "password_confirmation"=>""}, "commit"=>"Inscription"} and HTTP headers {"HTTP_REFERER"=>"/signup"}
REQUESTING PAGE: GET /signup with {} and HTTP headers {}
REQUESTING PAGE: POST /clients with {"utf8"=>"✓", "client"=>{"nom"=>"toto", "prenom"=>"tata", "entreprise"=>"test", "telephone"=>"1213232132", "email"=>"test@toto.de", "password"=>"foobar", "password_confirmation"=>"foobar"}, "commit"=>"Inscription"} and HTTP headers {"HTTP_REFERER"=>"/signup"}
REQUESTING PAGE: GET http://www.example.com/clients/30 with {} and HTTP headers {"HTTP_REFERER"=>"/clients"}
REQUESTING PAGE: GET /signin with {} and HTTP headers {}
REQUESTING PAGE: POST /sessions with {"utf8"=>"✓", "session"=>{"email"=>"", "password"=>""}, "commit"=>"S'identifier"} and HTTP headers {"HTTP_REFERER"=>"/signin"}
REQUESTING PAGE: GET /signin with {} and HTTP headers {}
REQUESTING PAGE: POST /sessions with {"utf8"=>"✓", "session"=>{"email"=>"tanguy@example.de", "password"=>"foobar"}, "commit"=>"S'identifier"} and HTTP headers {"HTTP_REFERER"=>"/signin"}
REQUESTING PAGE: GET http://www.example.com/clients/31 with {} and HTTP headers {"HTTP_REFERER"=>"/sessions"}
REQUESTING PAGE: GET /signout with {} and HTTP headers {"HTTP_REFERER"=>"http://www.example.com/clients/31"}
REQUESTING PAGE: GET http://www.example.com/ with {} and HTTP headers {"HTTP_REFERER"=>"/signout"}
REQUESTING PAGE: GET /signup with {} and HTTP headers {}
REQUESTING PAGE: POST /clients with {"utf8"=>"✓", "client"=>{"nom"=>"", "prenom"=>"", "entreprise"=>"", "telephone"=>"", "email"=>"", "password"=>"", "password_confirmation"=>""}, "commit"=>"Inscription"} and HTTP headers {"HTTP_REFERER"=>"/signup"}
REQUESTING PAGE: GET /signup with {} and HTTP headers {}
REQUESTING PAGE: POST /clients with {"utf8"=>"✓", "client"=>{"nom"=>"toto", "prenom"=>"tata", "entreprise"=>"test", "telephone"=>"1213232132", "email"=>"test@toto.de", "password"=>"foobar", "password_confirmation"=>"foobar"}, "commit"=>"Inscription"} and HTTP headers {"HTTP_REFERER"=>"/signup"}
REQUESTING PAGE: GET http://www.example.com/clients/54 with {} and HTTP headers {"HTTP_REFERER"=>"/clients"}
REQUESTING PAGE: GET /signin with {} and HTTP headers {}
REQUESTING PAGE: POST /sessions with {"utf8"=>"✓", "session"=>{"email"=>"", "password"=>""}, "commit"=>"S'identifier"} and HTTP headers {"HTTP_REFERER"=>"/signin"}
REQUESTING PAGE: GET /signin with {} and HTTP headers {}
REQUESTING PAGE: POST /sessions with {"utf8"=>"✓", "session"=>{"email"=>"tanguy@example.de", "password"=>"foobar"}, "commit"=>"S'identifier"} and HTTP headers {"HTTP_REFERER"=>"/signin"}
REQUESTING PAGE: GET http://www.example.com/clients/55 with {} and HTTP headers {"HTTP_REFERER"=>"/sessions"}
REQUESTING PAGE: GET /signout with {} and HTTP headers {"HTTP_REFERER"=>"http://www.example.com/clients/55"}
REQUESTING PAGE: GET http://www.example.com/ with {} and HTTP headers {"HTTP_REFERER"=>"/signout"}
REQUESTING PAGE: GET /signup with {} and HTTP headers {}
REQUESTING PAGE: POST /clients with {"utf8"=>"✓", "client"=>{"nom"=>"", "prenom"=>"", "entreprise"=>"", "telephone"=>"", "email"=>"", "password"=>"", "password_confirmation"=>""}, "commit"=>"Inscription"} and HTTP headers {"HTTP_REFERER"=>"/signup"}
REQUESTING PAGE: GET /signup with {} and HTTP headers {}
REQUESTING PAGE: POST /clients with {"utf8"=>"✓", "client"=>{"nom"=>"toto", "prenom"=>"tata", "entreprise"=>"test", "telephone"=>"1213232132", "email"=>"test@toto.de", "password"=>"foobar", "password_confirmation"=>"foobar"}, "commit"=>"Inscription"} and HTTP headers {"HTTP_REFERER"=>"/signup"}
REQUESTING PAGE: GET http://www.example.com/clients/114 with {} and HTTP headers {"HTTP_REFERER"=>"/clients"}
REQUESTING PAGE: GET /signin with {} and HTTP headers {}
REQUESTING PAGE: POST /sessions with {"utf8"=>"✓", "session"=>{"email"=>"", "password"=>""}, "commit"=>"S'identifier"} and HTTP headers {"HTTP_REFERER"=>"/signin"}
REQUESTING PAGE: GET /signin with {} and HTTP headers {}
REQUESTING PAGE: POST /sessions with {"utf8"=>"✓", "session"=>{"email"=>"tanguy@example.de", "password"=>"foobar"}, "commit"=>"S'identifier"} and HTTP headers {"HTTP_REFERER"=>"/signin"}
REQUESTING PAGE: GET http://www.example.com/clients/115 with {} and HTTP headers {"HTTP_REFERER"=>"/sessions"}
REQUESTING PAGE: GET /signout with {} and HTTP headers {"HTTP_REFERER"=>"http://www.example.com/clients/115"}
REQUESTING PAGE: GET http://www.example.com/ with {} and HTTP headers {"HTTP_REFERER"=>"/signout"}
REQUESTING PAGE: GET /signup with {} and HTTP headers {}
REQUESTING PAGE: POST /clients with {"utf8"=>"✓", "client"=>{"nom"=>"", "prenom"=>"", "entreprise"=>"", "telephone"=>"", "email"=>"", "password"=>"", "password_confirmation"=>""}, "commit"=>"Inscription"} and HTTP headers {"HTTP_REFERER"=>"/signup"}
REQUESTING PAGE: GET /signup with {} and HTTP headers {}
REQUESTING PAGE: POST /clients with {"utf8"=>"✓", "client"=>{"nom"=>"toto", "prenom"=>"tata", "entreprise"=>"test", "telephone"=>"1213232132", "email"=>"test@toto.de", "password"=>"foobar", "password_confirmation"=>"foobar"}, "commit"=>"Inscription"} and HTTP headers {"HTTP_REFERER"=>"/signup"}
REQUESTING PAGE: GET http://www.example.com/clients/138 with {} and HTTP headers {"HTTP_REFERER"=>"/clients"}
REQUESTING PAGE: GET /signin with {} and HTTP headers {}
REQUESTING PAGE: POST /sessions with {"utf8"=>"✓", "session"=>{"email"=>"", "password"=>""}, "commit"=>"S'identifier"} and HTTP headers {"HTTP_REFERER"=>"/signin"}
REQUESTING PAGE: GET /signin with {} and HTTP headers {}
REQUESTING PAGE: POST /sessions with {"utf8"=>"✓", "session"=>{"email"=>"tanguy@example.de", "password"=>"foobar"}, "commit"=>"S'identifier"} and HTTP headers {"HTTP_REFERER"=>"/signin"}
REQUESTING PAGE: GET http://www.example.com/clients/139 with {} and HTTP headers {"HTTP_REFERER"=>"/sessions"}
REQUESTING PAGE: GET /signout with {} and HTTP headers {"HTTP_REFERER"=>"http://www.example.com/clients/139"}
REQUESTING PAGE: GET http://www.example.com/ with {} and HTTP headers {"HTTP_REFERER"=>"/signout"}
REQUESTING PAGE: GET /signup with {} and HTTP headers {}
REQUESTING PAGE: POST /clients with {"utf8"=>"✓", "client"=>{"nom"=>"", "prenom"=>"", "entreprise"=>"", "telephone"=>"", "email"=>"", "password"=>"", "password_confirmation"=>""}, "commit"=>"Inscription"} and HTTP headers {"HTTP_REFERER"=>"/signup"}
REQUESTING PAGE: GET /signup with {} and HTTP headers {}
REQUESTING PAGE: POST /clients with {"utf8"=>"✓", "client"=>{"nom"=>"toto", "prenom"=>"tata", "entreprise"=>"test", "telephone"=>"1213232132", "email"=>"test@toto.de", "password"=>"foobar", "password_confirmation"=>"foobar"}, "commit"=>"Inscription"} and HTTP headers {"HTTP_REFERER"=>"/signup"}
REQUESTING PAGE: GET http://www.example.com/clients/162 with {} and HTTP headers {"HTTP_REFERER"=>"/clients"}
REQUESTING PAGE: GET /signin with {} and HTTP headers {}
REQUESTING PAGE: POST /sessions with {"utf8"=>"✓", "session"=>{"email"=>"", "password"=>""}, "commit"=>"S'identifier"} and HTTP headers {"HTTP_REFERER"=>"/signin"}
REQUESTING PAGE: GET /signin with {} and HTTP headers {}
REQUESTING PAGE: POST /sessions with {"utf8"=>"✓", "session"=>{"email"=>"tanguy@example.de", "password"=>"foobar"}, "commit"=>"S'identifier"} and HTTP headers {"HTTP_REFERER"=>"/signin"}
REQUESTING PAGE: GET http://www.example.com/clients/163 with {} and HTTP headers {"HTTP_REFERER"=>"/sessions"}
REQUESTING PAGE: GET /signout with {} and HTTP headers {"HTTP_REFERER"=>"http://www.example.com/clients/163"}
REQUESTING PAGE: GET http://www.example.com/ with {} and HTTP headers {"HTTP_REFERER"=>"/signout"}
REQUESTING PAGE: GET /signup with {} and HTTP headers {}
REQUESTING PAGE: POST /clients with {"utf8"=>"✓", "client"=>{"nom"=>"", "prenom"=>"", "entreprise"=>"", "telephone"=>"", "email"=>"", "password"=>"", "password_confirmation"=>""}, "commit"=>"Inscription"} and HTTP headers {"HTTP_REFERER"=>"/signup"}
REQUESTING PAGE: GET /signup with {} and HTTP headers {}
REQUESTING PAGE: POST /clients with {"utf8"=>"✓", "client"=>{"nom"=>"toto", "prenom"=>"tata", "entreprise"=>"test", "telephone"=>"1213232132", "email"=>"test@toto.de", "password"=>"foobar", "password_confirmation"=>"foobar"}, "commit"=>"Inscription"} and HTTP headers {"HTTP_REFERER"=>"/signup"}
REQUESTING PAGE: GET http://www.example.com/clients/23 with {} and HTTP headers {"HTTP_REFERER"=>"/clients"}
REQUESTING PAGE: GET /signin with {} and HTTP headers {}
REQUESTING PAGE: POST /sessions with {"utf8"=>"✓", "session"=>{"email"=>"", "password"=>""}, "commit"=>"S'identifier"} and HTTP headers {"HTTP_REFERER"=>"/signin"}
REQUESTING PAGE: GET /signin with {} and HTTP headers {}
REQUESTING PAGE: POST /sessions with {"utf8"=>"✓", "session"=>{"email"=>"tanguy@example.de", "password"=>"foobar"}, "commit"=>"S'identifier"} and HTTP headers {"HTTP_REFERER"=>"/signin"}
REQUESTING PAGE: GET http://www.example.com/clients/24 with {} and HTTP headers {"HTTP_REFERER"=>"/sessions"}
REQUESTING PAGE: GET /signout with {} and HTTP headers {"HTTP_REFERER"=>"http://www.example.com/clients/24"}
REQUESTING PAGE: GET http://www.example.com/ with {} and HTTP headers {"HTTP_REFERER"=>"/signout"}
REQUESTING PAGE: GET /signup with {} and HTTP headers {}
REQUESTING PAGE: POST /clients with {"utf8"=>"✓", "client"=>{"nom"=>"", "prenom"=>"", "entreprise"=>"", "telephone"=>"", "email"=>"", "password"=>"", "password_confirmation"=>""}, "commit"=>"Inscription"} and HTTP headers {"HTTP_REFERER"=>"/signup"}
REQUESTING PAGE: GET /signup with {} and HTTP headers {}
REQUESTING PAGE: POST /clients with {"utf8"=>"✓", "client"=>{"nom"=>"toto", "prenom"=>"tata", "entreprise"=>"test", "telephone"=>"1213232132", "email"=>"test@toto.de", "password"=>"foobar", "password_confirmation"=>"foobar"}, "commit"=>"Inscription"} and HTTP headers {"HTTP_REFERER"=>"/signup"}
REQUESTING PAGE: GET http://www.example.com/clients/47 with {} and HTTP headers {"HTTP_REFERER"=>"/clients"}
REQUESTING PAGE: GET /signin with {} and HTTP headers {}
REQUESTING PAGE: POST /sessions with {"utf8"=>"✓", "session"=>{"email"=>"", "password"=>""}, "commit"=>"S'identifier"} and HTTP headers {"HTTP_REFERER"=>"/signin"}
REQUESTING PAGE: GET /signin with {} and HTTP headers {}
REQUESTING PAGE: POST /sessions with {"utf8"=>"✓", "session"=>{"email"=>"tanguy@example.de", "password"=>"foobar"}, "commit"=>"S'identifier"} and HTTP headers {"HTTP_REFERER"=>"/signin"}
REQUESTING PAGE: GET http://www.example.com/clients/48 with {} and HTTP headers {"HTTP_REFERER"=>"/sessions"}
REQUESTING PAGE: GET /signout with {} and HTTP headers {"HTTP_REFERER"=>"http://www.example.com/clients/48"}
REQUESTING PAGE: GET http://www.example.com/ with {} and HTTP headers {"HTTP_REFERER"=>"/signout"}
REQUESTING PAGE: GET /signup with {} and HTTP headers {}
REQUESTING PAGE: POST /clients with {"utf8"=>"✓", "client"=>{"nom"=>"", "prenom"=>"", "entreprise"=>"", "telephone"=>"", "email"=>"", "password"=>"", "password_confirmation"=>""}, "commit"=>"Inscription"} and HTTP headers {"HTTP_REFERER"=>"/signup"}
REQUESTING PAGE: GET /signup with {} and HTTP headers {}
REQUESTING PAGE: POST /clients with {"utf8"=>"✓", "client"=>{"nom"=>"toto", "prenom"=>"tata", "entreprise"=>"test", "telephone"=>"1213232132", "email"=>"test@toto.de", "password"=>"foobar", "password_confirmation"=>"foobar"}, "commit"=>"Inscription"} and HTTP headers {"HTTP_REFERER"=>"/signup"}
REQUESTING PAGE: GET http://www.example.com/clients/1 with {} and HTTP headers {"HTTP_REFERER"=>"/clients"}
REQUESTING PAGE: GET /signin with {} and HTTP headers {}
REQUESTING PAGE: POST /sessions with {"utf8"=>"✓", "session"=>{"email"=>"", "password"=>""}, "commit"=>"S'identifier"} and HTTP headers {"HTTP_REFERER"=>"/signin"}
REQUESTING PAGE: GET /signin with {} and HTTP headers {}
REQUESTING PAGE: POST /sessions with {"utf8"=>"✓", "session"=>{"email"=>"tanguy@example.de", "password"=>"foobar"}, "commit"=>"S'identifier"} and HTTP headers {"HTTP_REFERER"=>"/signin"}
REQUESTING PAGE: GET http://www.example.com/clients/2 with {} and HTTP headers {"HTTP_REFERER"=>"/sessions"}
REQUESTING PAGE: GET /signout with {} and HTTP headers {"HTTP_REFERER"=>"http://www.example.com/clients/2"}
REQUESTING PAGE: GET http://www.example.com/ with {} and HTTP headers {"HTTP_REFERER"=>"/signout"}
